<?xml version="1.0" encoding="UTF-8"?>
<!-- Generated by org.testng.reporters.JUnitReportReporter -->
<testsuite skipped="0" hostname="Manjuus-Mac.local" name="uiAutomation.TestDriverClasses" tests="1" failures="0" timestamp="18 Sep 2020 13:30:46 GMT" time="73.185" errors="0">
  <testcase name="FirstScript" time="73.185" classname="uiAutomation.TestDriverClasses"/>
</testsuite> <!-- uiAutomation.TestDriverClasses -->
