<?xml version="1.0" encoding="UTF-8"?>
<!-- Generated by org.testng.reporters.JUnitReportReporter -->
<testsuite skipped="0" hostname="Manjuus-Mac.local" name="uiAutomation.TestDriverClasses" tests="1" failures="0" timestamp="03 Oct 2020 14:59:49 GMT" time="49.565" errors="0">
  <testcase name="FirstScript" time="49.565" classname="uiAutomation.TestDriverClasses"/>
</testsuite> <!-- uiAutomation.TestDriverClasses -->
